This is pdfeTeX, Version 3.141592-1.21a-2.2 (Web2C 7.5.4) (format=pdflatex 2008.4.9)  7 MAR 2009 21:33
entering extended mode
**docs/engine.tex
(./docs/engine.tex
LaTeX2e <2003/12/01>
Babel <v3.8d> and hyphenation patterns for american, french, german, ngerman, b
ahasa, basque, bulgarian, catalan, croatian, czech, danish, dutch, esperanto, e
stonian, finnish, greek, icelandic, irish, italian, latin, magyar, norsk, polis
h, portuges, romanian, russian, serbian, slovak, slovene, spanish, swedish, tur
kish, ukrainian, nohyphenation, loaded.
(/opt/local/share/texmf-dist/tex/latex/base/article.cls
Document Class: article 2004/02/16 v1.4f Standard LaTeX document class
(/opt/local/share/texmf-dist/tex/latex/base/size10.clo
File: size10.clo 2004/02/16 v1.4f Standard LaTeX file (size option)
)
\c@part=\count79
\c@section=\count80
\c@subsection=\count81
\c@subsubsection=\count82
\c@paragraph=\count83
\c@subparagraph=\count84
\c@figure=\count85
\c@table=\count86
\abovecaptionskip=\skip41
\belowcaptionskip=\skip42
\bibindent=\dimen102
) (docs/engine.aux)
\openout1 = `engine.aux'.

LaTeX Font Info:    Checking defaults for OML/cmm/m/it on input line 8.
LaTeX Font Info:    ... okay on input line 8.
LaTeX Font Info:    Checking defaults for T1/cmr/m/n on input line 8.
LaTeX Font Info:    ... okay on input line 8.
LaTeX Font Info:    Checking defaults for OT1/cmr/m/n on input line 8.
LaTeX Font Info:    ... okay on input line 8.
LaTeX Font Info:    Checking defaults for OMS/cmsy/m/n on input line 8.
LaTeX Font Info:    ... okay on input line 8.
LaTeX Font Info:    Checking defaults for OMX/cmex/m/n on input line 8.
LaTeX Font Info:    ... okay on input line 8.
LaTeX Font Info:    Checking defaults for U/cmr/m/n on input line 8.
LaTeX Font Info:    ... okay on input line 8.
LaTeX Font Info:    External font `cmex10' loaded for size
(Font)              <12> on input line 13.
LaTeX Font Info:    External font `cmex10' loaded for size
(Font)              <8> on input line 13.
LaTeX Font Info:    External font `cmex10' loaded for size
(Font)              <6> on input line 13.
LaTeX Font Info:    External font `cmex10' loaded for size
(Font)              <7> on input line 27.
LaTeX Font Info:    External font `cmex10' loaded for size
(Font)              <5> on input line 27.


LaTeX Warning: Reference `selection-rws' on page 1 undefined on input line 48.

[1

{/opt/local/share/texmf-var/fonts/map/pdftex/updmap/pdftex.map}] [2]
(docs/engine.aux)

LaTeX Warning: There were undefined references.

 ) 
Here is how much of TeX's memory you used:
 236 strings out of 94500
 2542 string characters out of 1174974
 50348 words of memory out of 1000000
 3477 multiletter control sequences out of 10000+50000
 8063 words of font info for 29 fonts, out of 500000 for 2000
 580 hyphenation exceptions out of 1000
 23i,6n,17p,135b,187s stack positions out of 1500i,500n,5000p,200000b,5000s
PDF statistics:
 28 PDF objects out of 300000
 0 named destinations out of 131072
 1 words of extra memory for PDF output out of 65536
</opt/local/share/texmf-dist/fonts/type1/bluesky/cm/cmbx10.pfb></opt/local/sh
are/texmf-dist/fonts/type1/bluesky/cm/cmmi10.pfb></opt/local/share/texmf-dist/f
onts/type1/bluesky/cm/cmbx12.pfb></opt/local/share/texmf-dist/fonts/type1/blues
ky/cm/cmtt10.pfb></opt/local/share/texmf-dist/fonts/type1/bluesky/cm/cmr10.pfb>
</opt/local/share/texmf-dist/fonts/type1/bluesky/cm/cmr12.pfb></opt/local/share
/texmf-dist/fonts/type1/bluesky/cm/cmr17.pfb>
Output written on docs/engine.pdf (2 pages, 40251 bytes).
